.0000 .0000 .0007
1.0000 .0000 .0006
2.0000 .0001 .0006
3.0000 .0000 .0005
4.0000 .0000 .0006
5.0000 .0000 .0005
6.0000 .0000 .0005
7.0000 .0000 .0005
8.0000 .0001 .0005
9.0000 .0001 .0005
10.0000 .0001 .0005
11.0000 .0000 .0005
12.0000 .0001 .0005
13.0000 .0000 .0005
14.0000 .0000 .0005
15.0000 .0000 .0005
16.0000 .0000 .0005
17.0000 .0000 .0005
18.0000 .0001 .0005
19.0000 .0000 .0004
20.0000 .0001 .0005
21.0000 .0000 .0004
22.0000 .0000 .0003
23.0000 .0000 .0004
24.0000 .0000 .0003
25.0000 .0000 .0003
26.0000 .0000 .0003
.0000 1.0000 .0005
1.0000 1.0001 .0004
2.0000 1.0000 .0004
3.0000 1.0000 .0002
4.0000 1.0000 .0003
5.0000 1.0000 .0003
6.0000 1.0000 .0004
7.0000 1.0001 .0003
8.0000 1.0000 .0003
9.0000 1.0001 .0003
10.0000 1.0000 .0004
11.0000 1.0000 .0003
12.0000 1.0000 .0003
13.0000 1.0000 .0003
14.0000 1.0000 .0004
15.0000 1.0000 .0003
16.0000 1.0000 .0003
17.0000 1.0000 .0003
18.0000 1.0001 .0003
19.0000 1.0000 .0003
20.0000 1.0000 .0003
21.0000 1.0000 .0002
22.0000 1.0001 .0002
23.0000 1.0000 .0001
24.0000 1.0001 .0001
25.0000 1.0000 .0001
26.0000 1.0000 .0001
.0000 2.0000 .0003
1.0000 2.0000 .0004
2.0000 2.0000 .0001
3.0000 2.0001 .0002
4.0000 2.0001 .0002
5.0000 2.0001 .0002
6.0000 2.0001 .0003
7.0000 2.0000 .0003
8.0000 2.0000 .0003
9.0000 2.0001 .0001
10.0000 2.0000 .0003
11.0000 2.0000 .0002
12.0000 2.0000 .0001
13.0000 2.0000 .0001
14.0000 2.0001 .0001
15.0000 2.0001 .0003
16.0000 2.0001 .0003
17.0000 2.0000 .0002
18.0000 2.0000 .0001
19.0000 2.0001 .0002
20.0000 2.0000 .0002
21.0000 2.0000 .0002
22.0000 2.0001 .0001
23.0000 2.0000 .0001
24.0000 2.0001 .0001
25.0000 2.0001 .0000
26.0000 2.0000 -.0001
.0000 3.0000 .0001
1.0000 3.0001 -.0001
2.0000 3.0000 .0001
3.0000 3.0001 .0000
4.0000 3.0000 .0000
5.0000 3.0001 -.0001
6.0000 3.0000 .0001
7.0000 3.0001 .0000
8.0000 3.0001 .0001
9.0000 3.0000 .0001
10.0000 3.0000 .0001
11.0000 3.0000 .0000
12.0000 3.0000 -.0001
13.0000 3.0000 .0000
14.0000 3.0000 .0001
15.0000 3.0001 .0001
16.0000 3.0001 .0000
17.0000 3.0001 .0000
18.0000 3.0001 -.0001
19.0000 3.0000 -.0001
20.0000 3.0000 -.0001
21.0000 3.0000 -.0001
22.0000 3.0000 -.0001
23.0000 3.0001 -.0001
24.0000 3.0000 -.0001
25.0000 3.0001 -.0001
26.0000 3.0001 -.0001
.0000 4.0000 .0000
1.0000 4.0000 .0001
2.0000 4.0001 .0000
3.0000 4.0001 -.0001
4.0000 4.0000 -.0001
5.0000 4.0000 -.0001
6.0000 4.0001 -.0001
7.0000 4.0000 -.0001
8.0000 4.0000 -.0001
9.0000 4.0000 -.0001
10.0000 4.0000 -.0001
11.0000 4.0000 .0000
12.0000 4.0000 .0000
13.0000 4.0001 -.0001
14.0000 4.0000 -.0001
15.0000 4.0000 -.0001
16.0000 4.0000 .0000
17.0000 4.0001 -.0001
18.0000 4.0001 .0000
19.0000 4.0000 -.0001
20.0000 4.0000 -.0001
21.0000 4.0000 -.0001
22.0000 4.0001 -.0001
23.0000 4.0000 -.0001
24.0000 4.0001 -.0001
25.0000 4.0001 -.0002
26.0000 4.0001 -.0003
.0000 5.0000 -.0001
1.0000 5.0000 -.0001
2.0000 5.0001 -.0001
3.0000 5.0000 -.0003
4.0000 5.0001 -.0003
5.0000 5.0000 -.0003
6.0000 5.0001 -.0002
7.0000 5.0000 -.0003
8.0000 5.0000 -.0002
9.0000 5.0001 -.0001
10.0000 5.0000 -.0002
11.0000 5.0000 -.0002
12.0000 5.0000 -.0002
13.0000 5.0000 -.0002
14.0000 5.0001 -.0001
15.0000 5.0001 -.0001
16.0000 5.0001 -.0002
17.0000 5.0000 -.0001
18.0000 5.0001 -.0002
19.0000 5.0001 -.0002
20.0000 5.0000 -.0001
21.0000 5.0001 -.0002
22.0000 5.0000 -.0003
23.0000 5.0001 -.0002
24.0000 5.0000 -.0003
25.0000 5.0001 -.0003
26.0000 5.0000 -.0003
.0000 6.0000 -.0002
1.0000 6.0000 -.0002
2.0000 6.0000 -.0003
3.0000 6.0001 -.0002
4.0000 6.0001 -.0003
5.0000 6.0000 -.0003
6.0000 6.0000 -.0004
7.0000 6.0000 -.0003
8.0000 6.0001 -.0003
9.0000 6.0001 -.0005
10.0000 6.0000 -.0002
11.0000 6.0001 -.0003
12.0000 6.0000 -.0002
13.0000 6.0001 -.0002
14.0000 6.0000 -.0002
15.0000 6.0000 -.0003
16.0000 6.0001 -.0002
17.0000 6.0000 -.0003
18.0000 6.0000 -.0003
19.0000 6.0001 -.0002
20.0000 6.0000 -.0003
21.0000 6.0001 -.0003
22.0000 6.0001 -.0003
23.0000 6.0000 -.0005
24.0000 6.0001 -.0004
25.0000 6.0001 -.0003
26.0000 6.0000 -.0005
.0000 7.0000 -.0002
1.0000 7.0000 -.0003
2.0000 7.0001 -.0002
3.0000 7.0001 -.0004
4.0000 7.0000 -.0003
5.0000 7.0000 -.0004
6.0000 7.0000 -.0003
7.0000 7.0001 -.0003
8.0000 7.0001 -.0002
9.0000 7.0001 -.0003
10.0000 7.0000 -.0003
11.0000 7.0000 -.0002
12.0000 7.0000 -.0003
13.0000 7.0001 -.0003
14.0000 7.0000 -.0002
15.0000 7.0000 -.0003
16.0000 7.0000 -.0003
17.0000 7.0000 -.0003
18.0000 7.0000 -.0004
19.0000 7.0000 -.0001
20.0000 7.0001 -.0003
21.0000 7.0000 -.0002
22.0000 7.0001 -.0003
23.0000 7.0001 -.0003
24.0000 7.0000 -.0003
25.0000 7.0001 -.0002
26.0000 7.0001 -.0003
.0000 8.0000 -.0002
1.0000 8.0001 -.0003
2.0000 8.0001 -.0003
3.0000 8.0000 -.0004
4.0000 8.0000 -.0003
5.0000 8.0000 -.0004
6.0000 8.0000 -.0003
7.0000 8.0000 -.0003
8.0000 8.0001 -.0003
9.0000 8.0001 -.0003
10.0000 8.0001 -.0003
11.0000 8.0001 -.0002
12.0000 8.0001 -.0001
13.0000 8.0000 -.0002
14.0000 8.0000 -.0001
15.0000 8.0000 -.0003
16.0000 8.0000 -.0001
17.0000 8.0000 -.0001
18.0000 8.0001 -.0002
19.0000 8.0000 -.0002
20.0000 8.0000 -.0002
21.0000 8.0000 -.0002
22.0000 8.0000 -.0002
23.0000 8.0000 -.0002
24.0000 8.0000 -.0002
25.0000 8.0000 -.0003
26.0000 8.0000 -.0002
.0000 9.0000 -.0003
1.0000 9.0000 -.0004
2.0000 9.0000 -.0004
3.0000 9.0000 -.0004
4.0000 9.0000 -.0003
5.0000 9.0000 -.0003
6.0000 9.0000 -.0004
7.0000 9.0000 -.0003
8.0000 9.0000 -.0003
9.0000 9.0000 -.0003
10.0000 9.0000 -.0003
11.0000 9.0000 -.0003
12.0000 9.0000 -.0003
13.0000 9.0001 -.0002
14.0000 9.0001 -.0001
15.0000 9.0001 -.0001
16.0000 9.0000 -.0001
17.0000 9.0001 -.0002
18.0000 9.0001 -.0002
19.0000 9.0000 -.0001
20.0000 9.0000 -.0001
21.0000 9.0000 -.0002
22.0000 9.0000 -.0002
23.0000 9.0000 -.0002
24.0000 9.0000 -.0002
25.0000 9.0000 -.0002
26.0000 9.0000 -.0001
